12:13:27 **** Incremental Build of configuration Debug for project TTT ****
Info: Internal Builder is used for build
g++ -O0 -g3 -Wall -c -fmessage-length=0 -o "src\\TTT.o" "..\\src\\TTT.cpp" 
..\src\TTT.cpp: In function 'int main()':
..\src\TTT.cpp:14:6: warning: unused variable 'board' [-Wunused-variable]
  int board[3][3]={0,0,0,0,0,0,0,0,0};
      ^~~~~
g++ -o TTT.exe "src\\TTT.o" 
12:14:48 **** Incremental Build of configuration Debug for project TTT ****
Info: Internal Builder is used for build
g++ -O0 -g3 -Wall -c -fmessage-length=0 -o "src\\TTT.o" "..\\src\\TTT.cpp" 
..\src\TTT.cpp: In function 'int main()':
..\src\TTT.cpp:14:6: warning: unused variable 'board' [-Wunused-variable]
  int board[3][3]={0,0,0,0,0,0,0,0,0};
      ^~~~~
g++ -o TTT.exe "src\\TTT.o" 
12:15:21 **** Incremental Build of configuration Debug for project TTT ****
Info: Internal Builder is used for build
g++ -O0 -g3 -Wall -c -fmessage-length=0 -o "src\\TTT.o" "..\\src\\TTT.cpp" 
..\src\TTT.cpp: In function 'int main()':
..\src\TTT.cpp:14:6: warning: unused variable 'board' [-Wunused-variable]
  int board[3][3]={0,0,0,0,0,0,0,0,0};
      ^~~~~
g++ -o TTT.exe "src\\TTT.o" 
12:15:28 **** Incremental Build of configuration Debug for project TTT ****
Info: Internal Builder is used for build
g++ -O0 -g3 -Wall -c -fmessage-length=0 -o "src\\TTT.o" "..\\src\\TTT.cpp" 
..\src\TTT.cpp: In function 'int main()':
..\src\TTT.cpp:14:6: warning: unused variable 'board' [-Wunused-variable]
  int board[3][3]={0,0,0,0,0,0,0,0,0};
      ^~~~~
g++ -o TTT.exe "src\\TTT.o" 
12:08:20 **** Incremental Build of configuration Debug for project code tester ****
Info: Internal Builder is used for build
g++ -O0 -g3 -Wall -c -fmessage-length=0 -o "src\\code tester.o" "..\\src\\code tester.cpp" 
..\src\code tester.cpp: In function 'int main()':
..\src\code tester.cpp:14:6: warning: unused variable 'board' [-Wunused-variable]
  int board[3][3]={0,0,0,0,0,0,0,0,0},p;
      ^~~~~
g++ -o "code tester.exe" "src\\code tester.o" 
12:14:35 **** Incremental Build of configuration Debug for project code tester ****
Info: Internal Builder is used for build
g++ -O0 -g3 -Wall -c -fmessage-length=0 -o "src\\code tester.o" "..\\src\\code tester.cpp" 
..\src\code tester.cpp: In function 'int main()':
..\src\code tester.cpp:14:6: warning: unused variable 'board' [-Wunused-variable]
  int board[3][3]={0,0,0,0,0,0,0,0,0},p,a,b,c,d,e,f,g,h,i;
      ^~~~~
g++ -o "code tester.exe" "src\\code tester.o" 
12:17:33 **** Incremental Build of configuration Debug for project code tester ****
Info: Internal Builder is used for build
g++ -O0 -g3 -Wall -c -fmessage-length=0 -o "src\\code tester.o" "..\\src\\code tester.cpp" 
..\src\code tester.cpp: In function 'int main()':
..\src\code tester.cpp:14:6: warning: unused variable 'board' [-Wunused-variable]
  int board[3][3]={0,0,0,0,0,0,0,0,0},p,a,b,c,d,e,f,g,h,i;
      ^~~~~
g++ -o "code tester.exe" "src\\code tester.o" 
12:19:10 **** Incremental Build of configuration Debug for project code tester ****
Info: Internal Builder is used for build
g++ -O0 -g3 -Wall -c -fmessage-length=0 -o "src\\code tester.o" "..\\src\\code tester.cpp" 
..\src\code tester.cpp: In function 'int main()':
..\src\code tester.cpp:14:6: warning: unused variable 'board' [-Wunused-variable]
  int board[3][3]={0,0,0,0,0,0,0,0,0},p,a,b,k,d,e,f,g,h,i;
      ^~~~~
g++ -o "code tester.exe" "src\\code tester.o" 
12:19:42 **** Incremental Build of configuration Debug for project code tester ****
Info: Internal Builder is used for build
g++ -O0 -g3 -Wall -c -fmessage-length=0 -o "src\\code tester.o" "..\\src\\code tester.cpp" 
..\src\code tester.cpp: In function 'int main()':
..\src\code tester.cpp:14:6: warning: unused variable 'board' [-Wunused-variable]
  int board[3][3]={0,0,0,0,0,0,0,0,0},p,a,b,k,d,e,f,g,h,i;
      ^~~~~
g++ -o "code tester.exe" "src\\code tester.o" 
12:20:45 **** Incremental Build of configuration Debug for project code tester ****
Info: Internal Builder is used for build
g++ -O0 -g3 -Wall -c -fmessage-length=0 -o "src\\code tester.o" "..\\src\\code tester.cpp" 
..\src\code tester.cpp: In function 'int main()':
..\src\code tester.cpp:14:6: warning: unused variable 'board' [-Wunused-variable]
  int board[3][3]={0,0,0,0,0,0,0,0,0},p,a,b,k,d,e,f,g,h,i;
      ^~~~~
g++ -o "code tester.exe" "src\\code tester.o" 
Info: Nothing to build for code tester
12:22:37 **** Incremental Build of configuration Debug for project code tester ****
Info: Internal Builder is used for build
g++ -O0 -g3 -Wall -c -fmessage-length=0 -o "src\\code tester.o" "..\\src\\code tester.cpp" 
..\src\code tester.cpp: In function 'int main()':
..\src\code tester.cpp:14:6: warning: unused variable 'board' [-Wunused-variable]
  int board[3][3]={0,0,0,0,0,0,0,0,0},p,a,b,k,d,e,f,g,h,i;
      ^~~~~
g++ -o "code tester.exe" "src\\code tester.o" 
12:26:48 **** Incremental Build of configuration Debug for project code tester ****
Info: Internal Builder is used for build
g++ -O0 -g3 -Wall -c -fmessage-length=0 -o "src\\code tester.o" "..\\src\\code tester.cpp" 
..\src\code tester.cpp: In function 'int main()':
..\src\code tester.cpp:14:6: warning: unused variable 'board' [-Wunused-variable]
  int board[3][3]={0,0,0,0,0,0,0,0,0},p,a,b,k,d,e,f,g,h,i;
      ^~~~~
g++ -o "code tester.exe" "src\\code tester.o" 
12:30:55 **** Incremental Build of configuration Debug for project code tester ****
Info: Internal Builder is used for build
g++ -O0 -g3 -Wall -c -fmessage-length=0 -o "src\\code tester.o" "..\\src\\code tester.cpp" 
..\src\code tester.cpp: In function 'int main()':
..\src\code tester.cpp:14:6: warning: unused variable 'board' [-Wunused-variable]
  int board[3][3]={0,0,0,0,0,0,0,0,0},p,a,b,k,d,e,f,g,h,i;
      ^~~~~
g++ -o "code tester.exe" "src\\code tester.o" 
12:32:05 **** Incremental Build of configuration Debug for project code tester ****
Info: Internal Builder is used for build
g++ -O0 -g3 -Wall -c -fmessage-length=0 -o "src\\code tester.o" "..\\src\\code tester.cpp" 
..\src\code tester.cpp: In function 'int main()':
..\src\code tester.cpp:14:6: warning: unused variable 'board' [-Wunused-variable]
  int board[3][3]={0,0,0,0,0,0,0,0,0},p,a,b,k,d,e,f,g,h,i;
      ^~~~~
g++ -o "code tester.exe" "src\\code tester.o" 
12:35:56 **** Incremental Build of configuration Debug for project code tester ****
Info: Internal Builder is used for build
g++ -O0 -g3 -Wall -c -fmessage-length=0 -o "src\\code tester.o" "..\\src\\code tester.cpp" 
g++ -o "code tester.exe" "src\\code tester.o" 
12:37:50 **** Incremental Build of configuration Debug for project code tester ****
Info: Internal Builder is used for build
g++ -O0 -g3 -Wall -c -fmessage-length=0 -o "src\\code tester.o" "..\\src\\code tester.cpp" 
g++ -o "code tester.exe" "src\\code tester.o" 
Info: Nothing to build for code tester
12:45:47 **** Incremental Build of configuration Debug for project TTT ****
Info: Internal Builder is used for build
g++ -O0 -g3 -Wall -c -fmessage-length=0 -o "src\\TTT.o" "..\\src\\TTT.cpp" 
..\src\TTT.cpp: In function 'int main()':
..\src\TTT.cpp:14:6: warning: unused variable 'board' [-Wunused-variable]
  int board[3][3]={0,0,0,0,0,0,0,0,0};
      ^~~~~
g++ -o TTT.exe "src\\TTT.o" 
Info: Nothing to build for TTT
13:01:42 **** Incremental Build of configuration Debug for project code tester ****
Info: Internal Builder is used for build
g++ -O0 -g3 -Wall -c -fmessage-length=0 -o "src\\code tester.o" "..\\src\\code tester.cpp" 
..\src\code tester.cpp: In function 'int main()':
..\src\code tester.cpp:32:6: warning: unused variable 'P' [-Wunused-variable]
  int P, I, II, III,
      ^
..\src\code tester.cpp:32:9: warning: variable 'I' set but not used [-Wunused-but-set-variable]
  int P, I, II, III,
         ^
..\src\code tester.cpp:32:12: warning: variable 'II' set but not used [-Wunused-but-set-variable]
  int P, I, II, III,
            ^~
..\src\code tester.cpp:32:16: warning: variable 'III' set but not used [-Wunused-but-set-variable]
  int P, I, II, III,
                ^~~
..\src\code tester.cpp:33:2: warning: variable 'IV' set but not used [-Wunused-but-set-variable]
  IV, V, VI,
  ^~
..\src\code tester.cpp:33:6: warning: variable 'V' set but not used [-Wunused-but-set-variable]
  IV, V, VI,
      ^
..\src\code tester.cpp:33:9: warning: variable 'VI' set but not used [-Wunused-but-set-variable]
  IV, V, VI,
         ^~
..\src\code tester.cpp:34:2: warning: variable 'VII' set but not used [-Wunused-but-set-variable]
  VII, VIII, IX;
  ^~~
..\src\code tester.cpp:34:7: warning: variable 'VIII' set but not used [-Wunused-but-set-variable]
  VII, VIII, IX;
       ^~~~
..\src\code tester.cpp:34:13: warning: variable 'IX' set but not used [-Wunused-but-set-variable]
  VII, VIII, IX;
             ^~
g++ -o "code tester.exe" "src\\code tester.o" 
13:03:49 **** Incremental Build of configuration Debug for project code tester ****
Info: Internal Builder is used for build
g++ -O0 -g3 -Wall -c -fmessage-length=0 -o "src\\code tester.o" "..\\src\\code tester.cpp" 
..\src\code tester.cpp: In function 'int main()':
..\src\code tester.cpp:32:6: warning: unused variable 'P' [-Wunused-variable]
  int P, I, II, III,
      ^
g++ -o "code tester.exe" "src\\code tester.o" 
13:04:01 **** Incremental Build of configuration Debug for project code tester ****
Info: Internal Builder is used for build
g++ -O0 -g3 -Wall -c -fmessage-length=0 -o "src\\code tester.o" "..\\src\\code tester.cpp" 
..\src\code tester.cpp: In function 'int main()':
..\src\code tester.cpp:32:6: warning: unused variable 'P' [-Wunused-variable]
  int P, I, II, III,
      ^
g++ -o "code tester.exe" "src\\code tester.o" 
13:12:51 **** Incremental Build of configuration Debug for project code tester ****
Info: Internal Builder is used for build
g++ -O0 -g3 -Wall -c -fmessage-length=0 -o "src\\code tester.o" "..\\src\\code tester.cpp" 
..\src\code tester.cpp: In function 'void location()':
..\src\code tester.cpp:13:5: error: 'p' was not declared in this scope
  if(p==1){
     ^
..\src\code tester.cpp:15:11: error: 'I' was not declared in this scope
    cin >> I;}
           ^
..\src\code tester.cpp:17:6: error: 'p' was not declared in this scope
   if(p==2){
      ^
..\src\code tester.cpp:19:11: error: 'II' was not declared in this scope
    cin >> II;}
           ^~
..\src\code tester.cpp:21:6: error: 'p' was not declared in this scope
   if(p==3){
      ^
..\src\code tester.cpp:23:11: error: 'III' was not declared in this scope
    cin >> III;}
           ^~~
..\src\code tester.cpp:25:6: error: 'p' was not declared in this scope
   if(p==4){
      ^
..\src\code tester.cpp:27:11: error: 'IV' was not declared in this scope
    cin >> IV;}
           ^~
..\src\code tester.cpp:29:6: error: 'p' was not declared in this scope
   if(p==5){
      ^
..\src\code tester.cpp:31:11: error: 'V' was not declared in this scope
    cin >> V;}
           ^
..\src\code tester.cpp:33:6: error: 'p' was not declared in this scope
   if(p==6){
      ^
..\src\code tester.cpp:35:11: error: 'VI' was not declared in this scope
    cin >> VI;}
           ^~
..\src\code tester.cpp:37:6: error: 'p' was not declared in this scope
   if(p==7){
      ^
..\src\code tester.cpp:39:11: error: 'VII' was not declared in this scope
    cin >> VII;}
           ^~~
..\src\code tester.cpp:41:6: error: 'p' was not declared in this scope
   if(p==8){
      ^
..\src\code tester.cpp:43:11: error: 'VIII' was not declared in this scope
    cin >> VIII;}
           ^~~~
..\src\code tester.cpp:45:6: error: 'p' was not declared in this scope
   if(p==9){
      ^
..\src\code tester.cpp:47:11: error: 'IX' was not declared in this scope
    cin >> IX;}
           ^~
..\src\code tester.cpp: In function 'int main()':
..\src\code tester.cpp:63:6: warning: unused variable 'p' [-Wunused-variable]
  int p, I, II, III,
      ^
13:13:30 **** Incremental Build of configuration Debug for project code tester ****
Info: Internal Builder is used for build
g++ -O0 -g3 -Wall -c -fmessage-length=0 -o "src\\code tester.o" "..\\src\\code tester.cpp" 
..\src\code tester.cpp: In function 'int main()':
..\src\code tester.cpp:65:6: warning: unused variable 'p' [-Wunused-variable]
  int p, I, II, III,
      ^
g++ -o "code tester.exe" "src\\code tester.o" 
13:18:44 **** Incremental Build of configuration Debug for project code tester ****
Info: Internal Builder is used for build
g++ -O0 -g3 -Wall -c -fmessage-length=0 -o "src\\code tester.o" "..\\src\\code tester.cpp" 
g++ -o "code tester.exe" "src\\code tester.o" 
13:19:34 **** Incremental Build of configuration Debug for project code tester ****
Info: Internal Builder is used for build
g++ -O0 -g3 -Wall -c -fmessage-length=0 -o "src\\code tester.o" "..\\src\\code tester.cpp" 
g++ -o "code tester.exe" "src\\code tester.o" 
13:20:42 **** Incremental Build of configuration Debug for project code tester ****
Info: Internal Builder is used for build
g++ -O0 -g3 -Wall -c -fmessage-length=0 -o "src\\code tester.o" "..\\src\\code tester.cpp" 
g++ -o "code tester.exe" "src\\code tester.o" 
Info: Nothing to build for Tic Tac Toe
Info: Nothing to build for Tic Tac Toe
Info: Nothing to build for code tester
13:26:37 **** Incremental Build of configuration Debug for project code tester ****
Info: Internal Builder is used for build
g++ -O0 -g3 -Wall -c -fmessage-length=0 -o "src\\code tester.o" "..\\src\\code tester.cpp" 
g++ -o "code tester.exe" "src\\code tester.o" 
13:26:54 **** Incremental Build of configuration Debug for project code tester ****
Info: Internal Builder is used for build
g++ -O0 -g3 -Wall -c -fmessage-length=0 -o "src\\code tester.o" "..\\src\\code tester.cpp" 
g++ -o "code tester.exe" "src\\code tester.o" 
13:30:08 **** Incremental Build of configuration Debug for project code tester ****
Info: Internal Builder is used for build
g++ -O0 -g3 -Wall -c -fmessage-length=0 -o "src\\code tester.o" "..\\src\\code tester.cpp" 
g++ -o "code tester.exe" "src\\code tester.o" 
13:32:39 **** Incremental Build of configuration Debug for project code tester ****
Info: Internal Builder is used for build
g++ -O0 -g3 -Wall -c -fmessage-length=0 -o "src\\code tester.o" "..\\src\\code tester.cpp" 
g++ -o "code tester.exe" "src\\code tester.o" 
c:/mingw/bin/../lib/gcc/mingw32/6.3.0/../../../../mingw32/bin/ld.exe: cannot open output file code tester.exe: Permission denied
collect2.exe: error: ld returned 1 exit status
13:32:47 **** Incremental Build of configuration Debug for project code tester ****
Info: Internal Builder is used for build
g++ -o "code tester.exe" "src\\code tester.o" 
13:42:08 **** Incremental Build of configuration Debug for project code tester ****
Info: Internal Builder is used for build
g++ -O0 -g3 -Wall -c -fmessage-length=0 -o "src\\code tester.o" "..\\src\\code tester.cpp" 
g++ -o "code tester.exe" "src\\code tester.o" 
c:/mingw/bin/../lib/gcc/mingw32/6.3.0/../../../../mingw32/bin/ld.exe: cannot open output file code tester.exe: Permission denied
collect2.exe: error: ld returned 1 exit status
13:45:57 **** Incremental Build of configuration Debug for project Tic Tac Toe ****
Info: Internal Builder is used for build
g++ -O0 -g3 -Wall -c -fmessage-length=0 -o "src\\Tic Tac Toe.o" "..\\src\\Tic Tac Toe.cpp" 
g++ -o "Tic Tac Toe.exe" "src\\Tic Tac Toe.o" 
13:53:39 **** Incremental Build of configuration Debug for project Tic Tac Toe ****
Info: Internal Builder is used for build
g++ -O0 -g3 -Wall -c -fmessage-length=0 -o "src\\Tic Tac Toe.o" "..\\src\\Tic Tac Toe.cpp" 
g++ -o "Tic Tac Toe.exe" "src\\Tic Tac Toe.o" 
c:/mingw/bin/../lib/gcc/mingw32/6.3.0/../../../../mingw32/bin/ld.exe: cannot open output file Tic Tac Toe.exe: Permission denied
collect2.exe: error: ld returned 1 exit status
13:54:02 **** Incremental Build of configuration Debug for project Tic Tac Toe ****
Info: Internal Builder is used for build
g++ -O0 -g3 -Wall -c -fmessage-length=0 -o "src\\Tic Tac Toe.o" "..\\src\\Tic Tac Toe.cpp" 
g++ -o "Tic Tac Toe.exe" "src\\Tic Tac Toe.o" 
13:56:16 **** Incremental Build of configuration Debug for project Tic Tac Toe ****
Info: Internal Builder is used for build
g++ -O0 -g3 -Wall -c -fmessage-length=0 -o "src\\Tic Tac Toe.o" "..\\src\\Tic Tac Toe.cpp" 
..\src\Tic Tac Toe.cpp: In function 'void ub()':
..\src\Tic Tac Toe.cpp:156:7: error: 'check' was not declared in this scope
 check();
       ^
13:56:32 **** Incremental Build of configuration Debug for project Tic Tac Toe ****
Info: Internal Builder is used for build
g++ -O0 -g3 -Wall -c -fmessage-length=0 -o "src\\Tic Tac Toe.o" "..\\src\\Tic Tac Toe.cpp" 
..\src\Tic Tac Toe.cpp: In function 'void ub()':
..\src\Tic Tac Toe.cpp:156:7: error: 'check' was not declared in this scope
 check();
       ^
13:57:01 **** Incremental Build of configuration Debug for project Tic Tac Toe ****
Info: Internal Builder is used for build
g++ -O0 -g3 -Wall -c -fmessage-length=0 -o "src\\Tic Tac Toe.o" "..\\src\\Tic Tac Toe.cpp" 
g++ -o "Tic Tac Toe.exe" "src\\Tic Tac Toe.o" 
12:02:15 **** Incremental Build of configuration Debug for project Tic Tac Toe ****
Info: Internal Builder is used for build
g++ -O0 -g3 -Wall -c -fmessage-length=0 -o "src\\Tic Tac Toe.o" "..\\src\\Tic Tac Toe.cpp" 
g++ -o "Tic Tac Toe.exe" "src\\Tic Tac Toe.o" 
12:10:54 **** Incremental Build of configuration Debug for project Tic Tac Toe ****
Info: Internal Builder is used for build
g++ -O0 -g3 -Wall -c -fmessage-length=0 -o "src\\Tic Tac Toe.o" "..\\src\\Tic Tac Toe.cpp" 
g++ -o "Tic Tac Toe.exe" "src\\Tic Tac Toe.o" 
Info: Nothing to build for Tic Tac Toe
12:25:26 **** Incremental Build of configuration Debug for project Tic Tac Toe ****
Info: Internal Builder is used for build
g++ -O0 -g3 -Wall -c -fmessage-length=0 -o "src\\Tic Tac Toe.o" "..\\src\\Tic Tac Toe.cpp" 
g++ -o "Tic Tac Toe.exe" "src\\Tic Tac Toe.o" 
12:29:22 **** Incremental Build of configuration Debug for project Tic Tac Toe ****
Info: Internal Builder is used for build
g++ -O0 -g3 -Wall -c -fmessage-length=0 -o "src\\Tic Tac Toe.o" "..\\src\\Tic Tac Toe.cpp" 
g++ -o "Tic Tac Toe.exe" "src\\Tic Tac Toe.o" 
12:29:36 **** Incremental Build of configuration Debug for project Tic Tac Toe ****
Info: Internal Builder is used for build
g++ -O0 -g3 -Wall -c -fmessage-length=0 -o "src\\Tic Tac Toe.o" "..\\src\\Tic Tac Toe.cpp" 
g++ -o "Tic Tac Toe.exe" "src\\Tic Tac Toe.o" 
12:35:16 **** Incremental Build of configuration Debug for project Tic Tac Toe ****
Info: Internal Builder is used for build
g++ -O0 -g3 -Wall -c -fmessage-length=0 -o "src\\Tic Tac Toe.o" "..\\src\\Tic Tac Toe.cpp" 
g++ -o "Tic Tac Toe.exe" "src\\Tic Tac Toe.o" 
Info: Nothing to build for Tic Tac Toe
12:38:17 **** Incremental Build of configuration Debug for project Tic Tac Toe ****
Info: Internal Builder is used for build
g++ -O0 -g3 -Wall -c -fmessage-length=0 -o "src\\Tic Tac Toe.o" "..\\src\\Tic Tac Toe.cpp" 
g++ -o "Tic Tac Toe.exe" "src\\Tic Tac Toe.o" 
12:39:03 **** Incremental Build of configuration Debug for project Tic Tac Toe ****
Info: Internal Builder is used for build
g++ -O0 -g3 -Wall -c -fmessage-length=0 -o "src\\Tic Tac Toe.o" "..\\src\\Tic Tac Toe.cpp" 
g++ -o "Tic Tac Toe.exe" "src\\Tic Tac Toe.o" 
12:39:49 **** Incremental Build of configuration Debug for project Tic Tac Toe ****
Info: Internal Builder is used for build
g++ -O0 -g3 -Wall -c -fmessage-length=0 -o "src\\Tic Tac Toe.o" "..\\src\\Tic Tac Toe.cpp" 
g++ -o "Tic Tac Toe.exe" "src\\Tic Tac Toe.o" 
c:/mingw/bin/../lib/gcc/mingw32/6.3.0/../../../../mingw32/bin/ld.exe: cannot open output file Tic Tac Toe.exe: Permission denied
collect2.exe: error: ld returned 1 exit status
12:40:03 **** Incremental Build of configuration Debug for project Tic Tac Toe ****
Info: Internal Builder is used for build
g++ -o "Tic Tac Toe.exe" "src\\Tic Tac Toe.o" 
12:40:31 **** Incremental Build of configuration Debug for project Tic Tac Toe ****
Info: Internal Builder is used for build
g++ -O0 -g3 -Wall -c -fmessage-length=0 -o "src\\Tic Tac Toe.o" "..\\src\\Tic Tac Toe.cpp" 
g++ -o "Tic Tac Toe.exe" "src\\Tic Tac Toe.o" 
c:/mingw/bin/../lib/gcc/mingw32/6.3.0/../../../../mingw32/bin/ld.exe: cannot open output file Tic Tac Toe.exe: Permission denied
collect2.exe: error: ld returned 1 exit status
12:40:44 **** Incremental Build of configuration Debug for project Tic Tac Toe ****
Info: Internal Builder is used for build
g++ -o "Tic Tac Toe.exe" "src\\Tic Tac Toe.o" 
12:46:50 **** Incremental Build of configuration Debug for project Tic Tac Toe ****
Info: Internal Builder is used for build
g++ -O0 -g3 -Wall -c -fmessage-length=0 -o "src\\Tic Tac Toe.o" "..\\src\\Tic Tac Toe.cpp" 
g++ -o "Tic Tac Toe.exe" "src\\Tic Tac Toe.o" 
12:49:37 **** Incremental Build of configuration Debug for project Tic Tac Toe ****
Info: Internal Builder is used for build
g++ -O0 -g3 -Wall -c -fmessage-length=0 -o "src\\Tic Tac Toe.o" "..\\src\\Tic Tac Toe.cpp" 
g++ -o "Tic Tac Toe.exe" "src\\Tic Tac Toe.o" 
12:52:46 **** Incremental Build of configuration Debug for project Tic Tac Toe ****
Info: Internal Builder is used for build
g++ -O0 -g3 -Wall -c -fmessage-length=0 -o "src\\Tic Tac Toe.o" "..\\src\\Tic Tac Toe.cpp" 
g++ -o "Tic Tac Toe.exe" "src\\Tic Tac Toe.o" 
12:56:31 **** Incremental Build of configuration Debug for project Tic Tac Toe ****
Info: Internal Builder is used for build
g++ -O0 -g3 -Wall -c -fmessage-length=0 -o "src\\Tic Tac Toe.o" "..\\src\\Tic Tac Toe.cpp" 
g++ -o "Tic Tac Toe.exe" "src\\Tic Tac Toe.o" 
12:57:11 **** Incremental Build of configuration Debug for project Tic Tac Toe ****
Info: Internal Builder is used for build
g++ -O0 -g3 -Wall -c -fmessage-length=0 -o "src\\Tic Tac Toe.o" "..\\src\\Tic Tac Toe.cpp" 
g++ -o "Tic Tac Toe.exe" "src\\Tic Tac Toe.o" 
12:57:47 **** Incremental Build of configuration Debug for project Tic Tac Toe ****
Info: Internal Builder is used for build
g++ -O0 -g3 -Wall -c -fmessage-length=0 -o "src\\Tic Tac Toe.o" "..\\src\\Tic Tac Toe.cpp" 
g++ -o "Tic Tac Toe.exe" "src\\Tic Tac Toe.o" 
13:01:24 **** Incremental Build of configuration Debug for project Tic Tac Toe ****
Info: Internal Builder is used for build
g++ -O0 -g3 -Wall -c -fmessage-length=0 -o "src\\Tic Tac Toe.o" "..\\src\\Tic Tac Toe.cpp" 
g++ -o "Tic Tac Toe.exe" "src\\Tic Tac Toe.o" 
13:02:10 **** Incremental Build of configuration Debug for project Tic Tac Toe ****
Info: Internal Builder is used for build
g++ -O0 -g3 -Wall -c -fmessage-length=0 -o "src\\Tic Tac Toe.o" "..\\src\\Tic Tac Toe.cpp" 
g++ -o "Tic Tac Toe.exe" "src\\Tic Tac Toe.o" 
13:11:24 **** Incremental Build of configuration Debug for project Tic Tac Toe ****
Info: Internal Builder is used for build
g++ -O0 -g3 -Wall -c -fmessage-length=0 -o "src\\Tic Tac Toe.o" "..\\src\\Tic Tac Toe.cpp" 
..\src\Tic Tac Toe.cpp: In function 'void ub()':
..\src\Tic Tac Toe.cpp:180:13: error: a function-definition is not allowed here before '{' token
 void check(){
             ^
..\src\Tic Tac Toe.cpp:261:1: error: expected '}' at end of input
 }
 ^
13:12:00 **** Incremental Build of configuration Debug for project Tic Tac Toe ****
Info: Internal Builder is used for build
g++ -O0 -g3 -Wall -c -fmessage-length=0 -o "src\\Tic Tac Toe.o" "..\\src\\Tic Tac Toe.cpp" 
g++ -o "Tic Tac Toe.exe" "src\\Tic Tac Toe.o" 
c:/mingw/bin/../lib/gcc/mingw32/6.3.0/../../../../mingw32/bin/ld.exe: cannot open output file Tic Tac Toe.exe: Permission denied
collect2.exe: error: ld returned 1 exit status
13:36:09 **** Incremental Build of configuration Debug for project Tic Tac Toe ****
Info: Internal Builder is used for build
g++ -O0 -g3 -Wall -c -fmessage-length=0 -o "src\\Tic Tac Toe.o" "..\\src\\Tic Tac Toe.cpp" 
g++ -o "Tic Tac Toe.exe" "src\\Tic Tac Toe.o" 
c:/mingw/bin/../lib/gcc/mingw32/6.3.0/../../../../mingw32/bin/ld.exe: cannot open output file Tic Tac Toe.exe: Permission denied
collect2.exe: error: ld returned 1 exit status
13:36:24 **** Incremental Build of configuration Debug for project Tic Tac Toe ****
Info: Internal Builder is used for build
g++ -o "Tic Tac Toe.exe" "src\\Tic Tac Toe.o" 
13:38:32 **** Incremental Build of configuration Debug for project Tic Tac Toe ****
Info: Internal Builder is used for build
g++ -O0 -g3 -Wall -c -fmessage-length=0 -o "src\\Tic Tac Toe.o" "..\\src\\Tic Tac Toe.cpp" 
g++ -o "Tic Tac Toe.exe" "src\\Tic Tac Toe.o" 
